<?xml version="1.0" encoding="UTF-8"?>
<!-- Generated by org.testng.reporters.JUnitXMLReporter -->
<testsuite ignored="1" hostname="LAPTOP-ICF8JRD8" failures="0" tests="2" name="Test" time="7.24" errors="0" timestamp="2022-10-15T14:22:15 IST">
  <testcase classname="parallel_Testing.test1" name="test1" time="4.116"/>
  <testcase classname="parallel_Testing.test1" name="test2" time="3.096"/>
  <testcase classname="parallel_Testing.test1" name="test3" time="0.0">
    <ignored/>
  </testcase> <!-- test3 -->
</testsuite> <!-- Test -->
