<?xml version="1.0" encoding="UTF-8"?>
<testng-results ignored="0" total="2" passed="2" failed="0" skipped="0">
  <reporter-output>
  </reporter-output>
  <suite started-at="2022-10-15T19:56:36 IST" name="Suite" finished-at="2022-10-15T19:58:59 IST" duration-ms="143535">
    <groups>
    </groups>
    <test started-at="2022-10-15T19:56:36 IST" name="Test1" finished-at="2022-10-15T19:58:22 IST" duration-ms="106569">
      <class name="crossbrowsertesting.crossbrowser">
        <test-method signature="crosbrowser(java.lang.String)[pri:0, instance:crossbrowsertesting.crossbrowser@6aba2b86]" started-at="2022-10-15T19:56:36 IST" name="crosbrowser" finished-at="2022-10-15T19:58:22 IST" duration-ms="106517" status="PASS">
          <params>
            <param index="0">
              <value>
                <![CDATA[firefox]]>
              </value>
            </param>
          </params>
          <reporter-output>
          </reporter-output>
        </test-method> <!-- crosbrowser -->
      </class> <!-- crossbrowsertesting.crossbrowser -->
    </test> <!-- Test1 -->
    <test started-at="2022-10-15T19:56:36 IST" name="Test" finished-at="2022-10-15T19:58:59 IST" duration-ms="143535">
      <class name="crossbrowsertesting.crossbrowser">
        <test-method signature="crosbrowser(java.lang.String)[pri:0, instance:crossbrowsertesting.crossbrowser@6ca8564a]" started-at="2022-10-15T19:56:36 IST" name="crosbrowser" finished-at="2022-10-15T19:58:59 IST" duration-ms="143500" status="PASS">
          <params>
            <param index="0">
              <value>
                <![CDATA[firefox]]>
              </value>
            </param>
          </params>
          <reporter-output>
          </reporter-output>
        </test-method> <!-- crosbrowser -->
      </class> <!-- crossbrowsertesting.crossbrowser -->
    </test> <!-- Test -->
  </suite> <!-- Suite -->
</testng-results>
